{
  "RSpec": {
    "coverage": {
      "/Users/nathanyourchuck/projects/api_sample/api_sample/app/helpers/application_helper.rb": [
        1,
        null
      ],
      "/Users/nathanyourchuck/projects/api_sample/api_sample/app/controllers/api/feed_entries_controller.rb": [
        1,
        1,
        1,
        null,
        1,
        1,
        null,
        null,
        1,
        3,
        2,
        null,
        1,
        null,
        null,
        null,
        null,
        1,
        1,
        3,
        null,
        null,
        1,
        3,
        null,
        null,
        null,
        null,
        null
      ],
      "/Users/nathanyourchuck/projects/api_sample/api_sample/app/controllers/application_controller.rb": [
        1,
        1,
        null
      ],
      "/Users/nathanyourchuck/projects/api_sample/api_sample/app/controllers/api/feeds_controller.rb": [
        1,
        1,
        1,
        null,
        1,
        1,
        null,
        null,
        1,
        2,
        2,
        1,
        null,
        1,
        null,
        null,
        null,
        1,
        3,
        2,
        null,
        1,
        null,
        null,
        null,
        1,
        1,
        1,
        null,
        null,
        null,
        1,
        1,
        4,
        null,
        null,
        null,
        1,
        5,
        null,
        null,
        null,
        null,
        null
      ],
      "/Users/nathanyourchuck/projects/api_sample/api_sample/app/controllers/dashboard_controller.rb": [
        1,
        1,
        null,
        null
      ],
      "/Users/nathanyourchuck/projects/api_sample/api_sample/app/models/feed_entry.rb": [
        1,
        1,
        null,
        26,
        2,
        null
      ],
      "/Users/nathanyourchuck/projects/api_sample/api_sample/app/models/application_record.rb": [
        1,
        1,
        null
      ],
      "/Users/nathanyourchuck/projects/api_sample/api_sample/app/models/feed.rb": [
        1,
        1,
        null,
        1,
        3,
        3,
        3,
        3,
        null,
        null,
        null
      ],
      "/Users/nathanyourchuck/projects/api_sample/api_sample/app/channels/application_cable/channel.rb": [
        1,
        1,
        null,
        null
      ],
      "/Users/nathanyourchuck/projects/api_sample/api_sample/app/channels/application_cable/connection.rb": [
        1,
        1,
        null,
        null
      ],
      "/Users/nathanyourchuck/projects/api_sample/api_sample/app/mailers/application_mailer.rb": [
        1,
        1,
        1,
        null
      ],
      "/Users/nathanyourchuck/projects/api_sample/api_sample/app/jobs/application_job.rb": [
        1,
        null
      ]
    },
    "timestamp": 1523321730
  }
}
